
Scratch directory: /cfs/klemming/scratch/s/spoel//propanoate/
   => Libint2 <=

    Primary   basis highest AM E, G, H:  5, 4, 3
    Auxiliary basis highest AM E, G, H:  6, 5, 4
    Onebody   basis highest AM E, G, H:  6, 5, 4
    Solid Harmonics ordering:            Gaussian

*** tstart() called on nid001806
*** at Tue Oct  7 11:44:00 2025

   => Loading Basis Set <=

    Name: ANONYMOUS49E4A5B7
    Role: ORBITAL
    Keyword: BASIS
    atoms 1-2  entry O          line   331 file /cfs/klemming/projects/supr/alexandria/users/spoel/psi4/share/psi4/basis/aug-cc-pvtz.gbs 
    atoms 3-5  entry C          line   239 file /cfs/klemming/projects/supr/alexandria/users/spoel/psi4/share/psi4/basis/aug-cc-pvtz.gbs 
    atoms 6-10 entry H          line    40 file /cfs/klemming/projects/supr/alexandria/users/spoel/psi4/share/psi4/basis/aug-cc-pvtz.gbs 


         ---------------------------------------------------------
                                   SCF
               by Justin Turney, Rob Parrish, Andy Simmonett
                          and Daniel G. A. Smith
                              RHF Reference
                      128 Threads, 231933 MiB Core
         ---------------------------------------------------------

  ==> Geometry <==

    Molecular point group: c1
    Full point group: C1

    Geometry (in Angstrom), charge = -1, multiplicity = 1:

       Center              X                  Y                   Z               Mass       
    ------------   -----------------  -----------------  -----------------  -----------------
         O            1.650517399506    -0.622027017711    -0.023000072661    15.994914619570
         O            0.448799388200     1.297910240680     0.025070210544    15.994914619570
         C           -0.707180381223    -0.788539718126    -0.012695188402    12.000000000000
         C           -1.987763160424     0.020034231820     0.012158001168    12.000000000000
         C            0.590321473048     0.050325093523    -0.002406336562    12.000000000000
         H           -0.672490154300    -1.425856415065    -0.897144765862     1.007825032230
         H           -0.662211834123    -1.463088682695     0.843219172801     1.007825032230
         H           -2.020969445014     0.649270445885     0.898005856613     1.007825032230
         H           -2.031205554377     0.686630165048    -0.845471546673     1.007825032230
         H           -2.871429453726    -0.622461836855     0.003584726200     1.007825032230

  Running in c1 symmetry.

  Rotational constants: A =      0.34261  B =      0.13492  C =      0.10033 [cm^-1]
  Rotational constants: A =  10271.29168  B =   4044.94517  C =   3007.76331 [MHz]
  Nuclear repulsion =  168.928271463850677

  Charge       = -1
  Multiplicity = 1
  Electrons    = 40
  Nalpha       = 20
  Nbeta        = 20

  ==> Algorithm <==

  SCF Algorithm Type is PK.
  DIIS enabled.
  MOM disabled.
  Fractional occupation disabled.
  Guess Type is READ.
  Energy threshold   = 1.00e-08
  Density threshold  = 1.00e-08
  Integral threshold = 1.00e-12

  ==> Primary Basis <==

  Basis Set: ANONYMOUS49E4A5B7
    Blend: AUG-CC-PVTZ
    Number of shells: 115
    Number of basis functions: 345
    Number of Cartesian functions: 400
    Spherical Harmonics?: true
    Max angular momentum: 3


 !!!  Unable to find file /cfs/klemming/scratch/s/spoel//propanoate/propanoate.default.2955684.180.npy, defaulting to SAD guess. !!!

  ==> Integral Setup <==

  Using in-core PK algorithm.
   Calculation information:
      Number of atoms:                  10
      Number of AO shells:             115
      Number of primitives:            205
      Number of atomic orbitals:       400
      Number of basis functions:       345

      Integral cutoff                 1.00e-12
      Number of threads:               128

  Performing in-core PK
  Using 3562358910 doubles for integral storage.
  We computed 64158116 shell quartets total.
  Whereas there are 22247785 unique shell quartets.
   188.38 percent of shell quartets recomputed by reordering.

  ==> DiskJK: Disk-Based J/K Matrices <==

    J tasked:                  Yes
    K tasked:                  Yes
    wK tasked:                  No
    Memory [MiB]:           173950
    Schwarz Cutoff:          1E-12

    OpenMP threads:            128

  Minimum eigenvalue in the overlap matrix is 1.9906304016E-05.
  Reciprocal condition number of the overlap matrix is 1.3069146597E-06.
    Using symmetric orthogonalization.

  ==> Pre-Iterations <==

  SCF Guess: Superposition of Atomic Densities via on-the-fly atomic UHF (no occupation information).

   -------------------------
    Irrep   Nso     Nmo    
   -------------------------
     A        345     345 
   -------------------------
    Total     345     345
   -------------------------

  ==> Iterations <==

                        Total Energy        Delta E     RMS |[F,P]|

   @RHF iter SAD:  -266.30664084287810   -2.66307e+02   0.00000e+00 
   @RHF iter   1:  -232.86347741946827    3.34432e+01   1.28896e-02 DIIS/ADIIS
   @RHF iter   2:  -240.18930672647366   -7.32583e+00   1.98255e-02 DIIS/ADIIS/DAMP=20%
   @RHF iter   3:  -264.44277875354618   -2.42535e+01   8.70721e-03 DIIS/ADIIS/DAMP=20%
   @RHF iter   4:  -263.27570880112279    1.16707e+00   6.39014e-03 DIIS/ADIIS/DAMP=20%
   @RHF iter   5:  -267.22538097564177   -3.94967e+00   1.87030e-03 DIIS/ADIIS/DAMP=20%
   @RHF iter   6:  -266.87972080354558    3.45660e-01   9.38500e-04 DIIS/ADIIS/DAMP=20%
   @RHF iter   7:  -266.57401902028744    3.05702e-01   4.15369e-04 DIIS/ADIIS/DAMP=20%
   @RHF iter   8:  -266.50143108418797    7.25879e-02   1.64736e-04 DIIS/ADIIS/DAMP=20%
   @RHF iter   9:  -266.43030019349180    7.11309e-02   5.81480e-05 DIIS/DAMP=20%
   @RHF iter  10:  -266.38999328934244    4.03069e-02   2.45993e-05 DIIS/DAMP=20%
   @RHF iter  11:  -266.38209229236890    7.90100e-03   9.89332e-06 DIIS/DAMP=20%
   @RHF iter  12:  -266.37892704029315    3.16525e-03   3.76655e-06 DIIS/DAMP=20%
   @RHF iter  13:  -266.37787236438686    1.05468e-03   1.51554e-06 DIIS/DAMP=20%
   @RHF iter  14:  -266.37764593752479    2.26427e-04   5.86839e-07 DIIS/DAMP=20%
   @RHF iter  15:  -266.37752661453385    1.19323e-04   2.14539e-07 DIIS/DAMP=20%
   @RHF iter  16:  -266.37745764539483    6.89691e-05   6.94328e-08 DIIS/DAMP=20%
   @RHF iter  17:  -266.37745429858967    3.34681e-06   1.93340e-08 DIIS/DAMP=20%
   @RHF iter  18:  -266.37744646860841    7.82998e-06   1.39957e-08 DIIS/DAMP=20%
   @RHF iter  19:  -266.37744663449524   -1.65887e-07   2.56512e-09 DIIS/DAMP=20%
   @RHF iter  20:  -266.37744610018137    5.34314e-07   3.35143e-09 DIIS/DAMP=20%
   @RHF iter  21:  -266.37744575513557    3.45046e-07   1.92398e-09 DIIS/DAMP=20%
   @RHF iter  22:  -266.37744576521646   -1.00809e-08   2.70826e-10 DIIS/DAMP=20%
   @RHF iter  23:  -266.37744565532643    1.09890e-07   4.50335e-10 DIIS/DAMP=20%
   @RHF iter  24:  -266.37744566851131   -1.31849e-08   3.65231e-10 DIIS/DAMP=20%
   @RHF iter  25:  -266.37744566712928    1.38203e-09   1.84209e-10 DIIS/DAMP=20%
  Energy and wave function converged.


  ==> Post-Iterations <==

    Orbital Energies [Eh]
    ---------------------

    Doubly Occupied:                                                      

       1A    -20.288949     2A    -20.284745     3A    -11.128978  
       4A    -11.060643     5A    -11.050124     6A     -1.163396  
       7A     -1.062990     8A     -0.870526     9A     -0.703029  
      10A     -0.513796    11A     -0.457447    12A     -0.444592  
      13A     -0.405799    14A     -0.371912    15A     -0.359507  
      16A     -0.340024    17A     -0.308593    18A     -0.205136  
      19A     -0.192348    20A     -0.189620  

    Virtual:                                                              

      21A      0.117253    22A      0.135464    23A      0.137178  
      24A      0.145695    25A      0.158140    26A      0.194292  
      27A      0.204903    28A      0.220590    29A      0.222296  
      30A      0.233752    31A      0.245455    32A      0.248395  
      33A      0.249728    34A      0.270976    35A      0.272252  
      36A      0.302356    37A      0.320583    38A      0.345685  
      39A      0.351075    40A      0.355262    41A      0.358527  
      42A      0.364609    43A      0.388211    44A      0.407161  
      45A      0.417066    46A      0.419819    47A      0.422778  
      48A      0.425895    49A      0.447086    50A      0.453701  
      51A      0.467085    52A      0.469766    53A      0.474866  
      54A      0.491439    55A      0.495037    56A      0.497026  
      57A      0.513856    58A      0.518109    59A      0.529877  
      60A      0.534262    61A      0.555670    62A      0.563127  
      63A      0.573165    64A      0.579654    65A      0.594000  
      66A      0.597377    67A      0.598404    68A      0.625328  
      69A      0.631587    70A      0.640990    71A      0.649071  
      72A      0.656220    73A      0.656908    74A      0.670632  
      75A      0.670857    76A      0.680327    77A      0.726095  
      78A      0.736563    79A      0.736636    80A      0.745927  
      81A      0.790954    82A      0.791498    83A      0.841934  
      84A      0.855004    85A      0.881831    86A      0.883447  
      87A      0.912008    88A      0.921997    89A      0.928157  
      90A      0.949723    91A      0.958974    92A      0.963758  
      93A      0.980429    94A      0.989774    95A      0.995724  
      96A      1.012028    97A      1.025217    98A      1.028319  
      99A      1.033766   100A      1.050672   101A      1.053953  
     102A      1.081286   103A      1.089302   104A      1.094464  
     105A      1.095763   106A      1.119085   107A      1.129216  
     108A      1.130793   109A      1.135743   110A      1.159331  
     111A      1.182516   112A      1.190799   113A      1.191091  
     114A      1.197253   115A      1.214634   116A      1.236126  
     117A      1.241870   118A      1.258649   119A      1.260862  
     120A      1.270996   121A      1.286307   122A      1.293259  
     123A      1.302352   124A      1.314949   125A      1.325027  
     126A      1.340878   127A      1.361358   128A      1.367302  
     129A      1.367798   130A      1.380495   131A      1.408016  
     132A      1.427803   133A      1.436766   134A      1.462895  
     135A      1.496074   136A      1.508735   137A      1.536793  
     138A      1.546109   139A      1.554528   140A      1.563385  
     141A      1.604176   142A      1.604977   143A      1.611100  
     144A      1.630154   145A      1.632878   146A      1.691775  
     147A      1.697671   148A      1.718942   149A      1.731999  
     150A      1.763271   151A      1.774757   152A      1.794239  
     153A      1.814271   154A      1.819263   155A      1.842576  
     156A      1.846359   157A      1.852351   158A      1.858744  
     159A      1.893685   160A      1.912298   161A      1.915397  
     162A      1.916168   163A      1.921803   164A      1.968141  
     165A      1.970862   166A      1.995344   167A      2.007290  
     168A      2.014559   169A      2.038742   170A      2.062927  
     171A      2.092714   172A      2.100134   173A      2.110950  
     174A      2.137837   175A      2.161886   176A      2.178629  
     177A      2.251213   178A      2.256769   179A      2.287948  
     180A      2.295593   181A      2.331534   182A      2.344524  
     183A      2.372932   184A      2.387850   185A      2.422585  
     186A      2.429064   187A      2.431266   188A      2.463274  
     189A      2.483646   190A      2.541014   191A      2.546939  
     192A      2.590335   193A      2.608831   194A      2.617010  
     195A      2.617741   196A      2.679635   197A      2.718159  
     198A      2.749092   199A      2.758674   200A      2.787629  
     201A      2.826560   202A      2.839650   203A      2.857362  
     204A      2.873423   205A      2.889768   206A      2.927967  
     207A      2.979400   208A      3.012550   209A      3.049913  
     210A      3.052749   211A      3.119826   212A      3.162711  
     213A      3.226391   214A      3.252990   215A      3.270970  
     216A      3.286904   217A      3.311854   218A      3.383425  
     219A      3.407740   220A      3.493010   221A      3.524110  
     222A      3.526649   223A      3.554683   224A      3.626165  
     225A      3.649884   226A      3.679342   227A      3.702013  
     228A      3.710597   229A      3.719073   230A      3.749740  
     231A      3.811886   232A      3.822444   233A      3.856499  
     234A      3.866621   235A      3.883744   236A      3.903371  
     237A      3.919386   238A      3.935085   239A      3.961927  
     240A      3.992923   241A      4.005082   242A      4.019440  
     243A      4.046508   244A      4.056484   245A      4.114964  
     246A      4.150663   247A      4.159097   248A      4.182772  
     249A      4.190762   250A      4.212158   251A      4.257820  
     252A      4.298767   253A      4.323056   254A      4.339740  
     255A      4.341388   256A      4.376086   257A      4.376941  
     258A      4.407486   259A      4.415619   260A      4.451132  
     261A      4.453111   262A      4.506400   263A      4.579081  
     264A      4.615789   265A      4.640335   266A      4.668400  
     267A      4.707922   268A      4.720506   269A      4.771782  
     270A      4.787576   271A      4.842469   272A      4.870443  
     273A      4.912143   274A      4.942721   275A      4.988368  
     276A      5.001970   277A      5.016873   278A      5.037154  
     279A      5.058171   280A      5.105077   281A      5.178671  
     282A      5.198561   283A      5.212079   284A      5.261407  
     285A      5.284402   286A      5.293512   287A      5.301251  
     288A      5.357280   289A      5.389135   290A      5.482354  
     291A      5.484657   292A      5.513848   293A      5.532341  
     294A      5.567785   295A      5.609529   296A      5.641431  
     297A      5.680158   298A      5.761981   299A      5.779737  
     300A      5.811263   301A      5.878042   302A      5.935754  
     303A      6.026946   304A      6.088974   305A      6.168528  
     306A      6.199019   307A      6.263112   308A      6.312013  
     309A      6.346532   310A      6.395783   311A      6.470837  
     312A      6.569968   313A      6.653890   314A      6.867094  
     315A      6.918833   316A      6.932884   317A      6.933802  
     318A      6.962309   319A      7.026418   320A      7.049572  
     321A      7.152632   322A      7.170749   323A      7.197693  
     324A      7.283424   325A      7.314404   326A      7.400269  
     327A      7.451973   328A      7.534582   329A      7.596829  
     330A      7.608303   331A      7.631655   332A      7.748166  
     333A      7.814466   334A      7.889628   335A      7.939970  
     336A      7.940936   337A      8.076132   338A      8.122343  
     339A      8.178814   340A      8.272787   341A     14.592547  
     342A     15.508539   343A     17.239623   344A     18.444661  
     345A     19.411597  

    Final Occupation by Irrep:
              A 
    DOCC [    20 ]
    NA   [    20 ]
    NB   [    20 ]

  @RHF Final Energy:  -266.37744566712928

   => Energetics <=

    Nuclear Repulsion Energy =            168.9282714638506775
    One-Electron Energy =                -707.8071243247716211
    Two-Electron Energy =                 272.5014071937916356
    Total Energy =                       -266.3774456671292796

Computation Completed


Properties will be evaluated at   0.000000,   0.000000,   0.000000 [a0]

Properties computed using the SCF density matrix


 Multipole Moments:

 ------------------------------------------------------------------------------------
     Multipole            Electronic (a.u.)      Nuclear  (a.u.)        Total (a.u.)
 ------------------------------------------------------------------------------------

 L = 1.  Multiply by 2.5417464519 to convert [e a0] to [Debye]
 Dipole X            :          5.7355845           -7.7318230           -1.9962385
 Dipole Y            :          1.3126909           -2.0362232           -0.7235323
 Dipole Z            :         -0.0057685            0.0020662           -0.0037023
 Magnitude           :                                                    2.1233184

 ------------------------------------------------------------------------------------

*** tstop() called on nid001806 at Tue Oct  7 11:46:09 2025
Module time:
	user time   =    3136.54 seconds =      52.28 minutes
	system time =      80.09 seconds =       1.33 minutes
	total time  =        129 seconds =       2.15 minutes
Total time:
	user time   =    3136.54 seconds =      52.28 minutes
	system time =      80.09 seconds =       1.33 minutes
	total time  =        129 seconds =       2.15 minutes
 MINTS: Wrapper to libmints.
   by Justin Turney

   Calculation information:
      Number of threads:               128
      Number of atoms:                  10
      Number of AO shells:             115
      Number of SO shells:             115
      Number of primitives:            205
      Number of atomic orbitals:       400
      Number of basis functions:       345

      Number of irreps:                  1
      Integral cutoff                 1.00e-12
      Number of functions per irrep: [ 345 ]

 OEINTS: Overlap, kinetic, potential, dipole, and quadrupole integrals
         stored in file 35.

      Computing two-electron integrals...done
      Computed 1689010685 non-zero two-electron integrals.
        Stored in file 33.


*** tstart() called on nid001806
*** at Tue Oct  7 11:48:54 2025


	Wfn Parameters:
	--------------------
	Wavefunction         = CCSD
	Number of irreps     = 1
	Number of MOs        = 345
	Number of active MOs = 345
	AO-Basis             = NONE
	Semicanonical        = false
	Reference            = RHF
	Print Level          = 1

	IRREP	# MOs	# FZDC	# DOCC	# SOCC	# VIRT	# FZVR
	-----	-----	------	------	------	------	------
	 A	   345	    0	    20	    0	    325	    0
	Transforming integrals...
	IWL integrals will be deleted.
	(OO|OO)...
	Presorting SO-basis two-electron integrals.
	Sorting File: SO Ints (nn|nn) nbuckets = 1
	Constructing frozen core operators
	Starting first half-transformation.
	Sorting half-transformed integrals.
	First half integral transformation complete.
	Starting second half-transformation.
	Two-electron integral transformation complete.
	(OO|OV)...
	Starting second half-transformation.
	Two-electron integral transformation complete.
	(OO|VV)...
	Starting second half-transformation.
	Two-electron integral transformation complete.
	(OV|OO)...
	Starting first half-transformation.
	Sorting half-transformed integrals.
	First half integral transformation complete.
	Starting second half-transformation.
	Two-electron integral transformation complete.
	(OV|OV)...
	Starting second half-transformation.
	Two-electron integral transformation complete.
	(OV|VV)...
	Starting second half-transformation.
	Two-electron integral transformation complete.
	(VV|OO)...
	Starting first half-transformation.
	Sorting half-transformed integrals.
	First half integral transformation complete.
	Starting second half-transformation.
	Two-electron integral transformation complete.
	(VV|OV)...
	Starting second half-transformation.
	Two-electron integral transformation complete.
	(VV|VV)...
	Starting second half-transformation.
	Two-electron integral transformation complete.
	Frozen core energy     =      0.00000000000000

	Size of irrep 0 of <ab|cd> integrals:  11156.641 (MW) /  89253.125 (MB)
	Total:                                 11156.641 (MW) /  89253.125 (MB)

	Size of irrep 0 of <ia|bc> integrals:    686.562 (MW) /   5492.500 (MB)
	Total:                                   686.562 (MW) /   5492.500 (MB)

	Size of irrep 0 of tijab amplitudes:      42.250 (MW) /    338.000 (MB)
	Total:                                    42.250 (MW) /    338.000 (MB)

	Nuclear Rep. energy          =    168.92827146385068
	SCF energy                   =   -266.37744566712928
	One-electron energy          =   -707.80712433432404
	Two-electron energy          =    272.50140720736096
	Reference energy             =   -266.37744566311244

*** tstop() called on nid001806 at Tue Oct  7 12:11:57 2025
Module time:
	user time   =   40342.58 seconds =     672.38 minutes
	system time =    5247.11 seconds =      87.45 minutes
	total time  =       1383 seconds =      23.05 minutes
Total time:
	user time   =   43627.70 seconds =     727.13 minutes
	system time =    5414.85 seconds =      90.25 minutes
	total time  =       1677 seconds =      27.95 minutes
            **************************
            *                        *
            *        CCENERGY        *
            *                        *
            **************************

    Nuclear Rep. energy (wfn)     =  168.928271463850677
    SCF energy          (wfn)     = -266.377445667129280
    Reference energy    (file100) = -266.377445663112439

    Input parameters:
    -----------------
    Wave function   =     CCSD
    Reference wfn   =     RHF
    Brueckner       =     No
    Memory (Mbytes) =     243200.0
    Maxiter         =     50
    R_Convergence   =     1.0e-07
    E_Convergence   =     1.0e-06
    Restart         =     Yes
    DIIS            =     Yes
    AO Basis        =     NONE
    ABCD            =     NEW
    Cache Level     =     1
    Cache Type      =     LOW
    Print Level     =     1
    Num. of threads =     128
    # Amps to Print =     10
    Print MP2 Amps? =     No
    Analyze T2 Amps =     No
    Print Pair Ener =     No
    Local CC        =     No
    SCS-MP2         =     False
    SCSN-MP2        =     False
    SCS-CCSD        =     False

MP2 correlation energy -1.0945457229187232
                Solving CC Amplitude Equations
                ------------------------------
  Iter             Energy              RMS        T1Diag      D1Diag    New D1Diag    D2Diag
  ----     ---------------------    ---------   ----------  ----------  ----------   --------
     0        -1.094545722918723    0.000e+00    0.000000    0.000000    0.000000    0.153593
     1        -1.079492615716171    9.984e-02    0.011803    0.047718    0.047718    0.139243
     2        -1.105270398806632    3.891e-02    0.010784    0.043471    0.043471    0.152415
     3        -1.112716023036312    1.669e-02    0.013040    0.053695    0.053695    0.156842
     4        -1.112264585358985    4.925e-03    0.013626    0.056835    0.056835    0.158146
     5        -1.112092169242787    3.029e-03    0.013900    0.058073    0.058073    0.158822
     6        -1.112184018449683    1.210e-03    0.014078    0.058990    0.058990    0.159142
     7        -1.112200460350633    5.486e-04    0.014118    0.059202    0.059202    0.159162
     8        -1.112186351652316    2.825e-04    0.014130    0.059237    0.059237    0.159152
     9        -1.112175854361224    1.075e-04    0.014134    0.059236    0.059236    0.159148
    10        -1.112185382270057    6.284e-05    0.014135    0.059233    0.059233    0.159148
    11        -1.112182610605777    2.939e-05    0.014136    0.059228    0.059228    0.159145
    12        -1.112182442016135    1.354e-05    0.014135    0.059220    0.059220    0.159144
    13        -1.112182731722862    6.205e-06    0.014135    0.059218    0.059218    0.159144
    14        -1.112182475587443    2.600e-06    0.014135    0.059218    0.059218    0.159144
    15        -1.112182376932923    1.420e-06    0.014135    0.059218    0.059218    0.159144
    16        -1.112182388569877    6.626e-07    0.014135    0.059218    0.059218    0.159144
    17        -1.112182392712648    3.758e-07    0.014135    0.059218    0.059218    0.159144
    18        -1.112182390907755    1.928e-07    0.014135    0.059218    0.059218    0.159144
    19        -1.112182391130800    8.736e-08    0.014135    0.059218    0.059218    0.159144

    Iterations converged.


    Largest TIA Amplitudes:
             14  28        -0.0216949743
             14  31        -0.0213473071
             16  31        -0.0190090343
             14  20        -0.0187513883
             16  28        -0.0182201905
             18   5         0.0157556625
             16  20        -0.0151999179
             18  65        -0.0114964500
             17   9         0.0114066729
             14  27        -0.0110750678

    Largest TIjAb Amplitudes:
     19  19  28  28        -0.0260812051
     19  19  28  31        -0.0231941522
     19  19  31  28        -0.0231941522
     19  19  31  31        -0.0213305187
     19  19  20  28        -0.0148166359
     19  19  28  20        -0.0148166359
     19  19  20  31        -0.0135848810
     19  19  31  20        -0.0135848810
     17  17  65  65        -0.0124308756
     15  15  54  54        -0.0123765348

    SCF energy       (wfn)                    = -266.377445667129280
    Reference energy (file100)                = -266.377445663112439

    Opposite-spin MP2 correlation energy      =   -0.829119162321040
    Same-spin MP2 correlation energy          =   -0.265426560597683
    Singles MP2 correlation energy            =   -0.000000000000000
    MP2 correlation energy                    =   -1.094545722918723
      * MP2 total energy                      = -267.471991386031164

    Opposite-spin CCSD correlation energy     =   -0.874144447723846
    Same-spin CCSD correlation energy         =   -0.238037943406944
    Singles CCSD correlation energy           =    0.000000000000000
    CCSD correlation energy                   =   -1.112182391130800
      * CCSD total energy                     = -267.489628054243212



Properties will be evaluated at   0.000000,   0.000000,   0.000000 [a0]
OEProp: No title given, name of density matrix used for the following properties is 'SCF density'
  ==> Computing MBIS Charges <==

  Electron Count from Grid (Expected Number): 40.00001 (40.00000)
  Difference:  0.00001

  MBIS Charges: (a.u.)
   Center  Symbol  Z      Pop.       Charge
      1       O    8    8.930300   -0.930300
      2       O    8    8.897330   -0.897330
      3       C    6    6.399332   -0.399332
      4       C    6    6.315694   -0.315694
      5       C    6    4.939716    1.060284
      6       H    1    0.895424    0.104576
      7       H    1    0.895424    0.104576
      8       H    1    0.892161    0.107839
      9       H    1    0.892153    0.107847
     10       H    1    0.942481    0.057519

  MBIS Dipoles: [e a0]
   Center  Symbol  Z        X           Y           Z
      1       O    8    0.087967   -0.031228   -0.001185
      2       O    8   -0.021338    0.081463    0.001867
      3       C    6   -0.099321    0.033879    0.001311
      4       C    6    0.103669   -0.051157   -0.001704
      5       C    6    0.066344    0.049690    0.000672
      6       H    1    0.005350   -0.017077   -0.041688
      7       H    1    0.005839   -0.018843    0.040854
      8       H    1    0.023695    0.030011    0.042154
      9       H    1    0.023208    0.031795   -0.041106
     10       H    1   -0.029597   -0.042312   -0.000733

  MBIS Quadrupoles: [e a0^2]
   Center  Symbol  Z      XX        XY        XZ        YY        YZ        ZZ
      1       O    8   -5.1037   -0.0465   -0.0007   -5.0804   -0.0001   -5.0622
      2       O    8   -4.9801   -0.0496   -0.0011   -4.9918    0.0000   -4.9792
      3       C    6   -5.2278   -0.0319    0.0006   -5.2087   -0.0039   -5.0191
      4       C    6   -5.1131    0.0808    0.0023   -5.0557   -0.0013   -5.0149
      5       C    6   -2.9715   -0.0216    0.0010   -2.9932   -0.0055   -2.7284
      6       H    1   -0.5107   -0.0067    0.0008   -0.5350   -0.0102   -0.5315
      7       H    1   -0.5108   -0.0065   -0.0014   -0.5358    0.0101   -0.5306
      8       H    1   -0.5155   -0.0028    0.0066   -0.5224   -0.0063   -0.5280
      9       H    1   -0.5157   -0.0024   -0.0069   -0.5229    0.0065   -0.5273
     10       H    1   -0.5910   -0.0120   -0.0002   -0.5795    0.0002   -0.5844

  MBIS Octupoles: [e a0^3]
   Center  Symbol  Z      XXX       XXY       XXZ       XYY       XYZ       XZZ       YYY       YYZ       YZZ       ZZZ
      1       O    8   -0.1513   -0.2765   -0.0073   -0.1002    0.0043   -0.1971    0.2842    0.0021    0.1078    0.0104
      2       O    8   -0.3198   -0.2970   -0.0053   -0.1140   -0.0004   -0.0747    0.0795    0.0122   -0.2287   -0.0133
      3       C    6   -0.2619   -0.2828   -0.0063   -0.1170    0.0050   -0.1513    0.5205   -0.0071    0.4427    0.0311
      4       C    6    0.3486    0.2483    0.0074    0.0389   -0.0103    0.3471   -0.3458    0.0086   -0.3794   -0.0305
      5       C    6   -0.0672    0.1390    0.0021    0.0061    0.0015   -0.1055   -0.0844   -0.0010   -0.0197    0.0006
      6       H    1   -0.0093    0.0034   -0.0045   -0.0024   -0.0008   -0.0001    0.0434   -0.0121    0.0218   -0.0165
      7       H    1   -0.0091    0.0032    0.0048   -0.0023    0.0009    0.0000    0.0418    0.0121    0.0220    0.0193
      8       H    1    0.0572    0.0034    0.0009    0.0158   -0.0031    0.0242   -0.0070    0.0084   -0.0092    0.0154
      9       H    1    0.0572    0.0035   -0.0009    0.0155    0.0026    0.0243   -0.0059   -0.0080   -0.0093   -0.0174
     10       H    1    0.0310   -0.0037   -0.0000    0.0098   -0.0004    0.0197   -0.0432    0.0003   -0.0304   -0.0023

  MBIS Radial Moments:
   Center  Symbol  Z      [a0^2]      [a0^3]      [a0^4]      
      1       O    8   15.246270   32.227155   84.511369
      2       O    8   14.951035   31.172310   80.277701
      3       C    6   15.455580   39.669133   125.495189
      4       C    6   15.183801   38.970769   122.785132
      5       C    6    8.693200   20.150654   57.992853
      6       H    1    1.577199    3.021269    7.017668
      7       H    1    1.577200    3.021273    7.017685
      8       H    1    1.565939    2.991569    6.919639
      9       H    1    1.565917    2.991520    6.919508
     10       H    1    1.754936    3.458011    8.238723

  MBIS Valence Widths: [a0]
   Center  Symbol  Z     Width
      1       O    8    0.417053
      2       O    8    0.414406
      3       C    6    0.523206
      4       C    6    0.523277
      5       C    6    0.471132
      6       H    1    0.384860
      7       H    1    0.384860
      8       H    1    0.384263
      9       H    1    0.384262
     10       H    1    0.395281


  MBIS Valence Charges: (a.u.)
   Center  Symbol  Z     Charge
      1       O    8   -7.276061
      2       O    8   -7.249198
      3       C    6   -4.749879
      4       C    6   -4.658045
      5       C    6   -3.255345
      6       H    1   -0.895424
      7       H    1   -0.895424
      8       H    1   -0.892161
      9       H    1   -0.892153
     10       H    1   -0.942481


  Variable Map:
  ----------------------------------------------------------------------------
  "CC D1 DIAGNOSTIC"                      =>       0.059217976416
  "CC D2 DIAGNOSTIC"                      =>       0.159144089598
  "CC NEW D1 DIAGNOSTIC"                  =>       0.059217976416
  "CC T1 DIAGNOSTIC"                      =>       0.014135275685
  "CCSD CORRELATION ENERGY"               =>      -1.112182391131
  "CCSD DOUBLES ENERGY"                   =>      -1.112182391131
  "CCSD ITERATIONS"                       =>      19.000000000000
  "CCSD OPPOSITE-SPIN CORRELATION ENERGY" =>      -0.874144447724
  "CCSD SAME-SPIN CORRELATION ENERGY"     =>      -0.238037943407
  "CCSD SINGLES ENERGY"                   =>       0.000000000000
  "CCSD TOTAL ENERGY"                     =>    -267.489628054243
  "CURRENT CORRELATION ENERGY"            =>      -1.112182391131
  "CURRENT ENERGY"                        =>    -267.489628054243
  "CURRENT REFERENCE ENERGY"              =>    -266.377445667129
  "DD SOLVATION ENERGY"                   =>       0.000000000000
  "HF KINETIC ENERGY"                     =>     266.065329916659
  "HF POTENTIAL ENERGY"                   =>    -532.442775583788
  "HF TOTAL ENERGY"                       =>    -266.377445667129
  "HF VIRIAL RATIO"                       =>       2.001173079373
  "LCCSD (+LMP2) TOTAL ENERGY"            =>    -267.489628054243
  "MP2 CORRELATION ENERGY"                =>      -1.094545722919
  "MP2 DOUBLES ENERGY"                    =>      -1.094545722919
  "MP2 OPPOSITE-SPIN CORRELATION ENERGY"  =>      -0.829119162321
  "MP2 SAME-SPIN CORRELATION ENERGY"      =>      -0.265426560598
  "MP2 SINGLES ENERGY"                    =>      -0.000000000000
  "MP2 TOTAL ENERGY"                      =>    -267.471991386031
  "NUCLEAR REPULSION ENERGY"              =>     168.928271463851
  "ONE-ELECTRON ENERGY"                   =>    -707.807124324772
  "PCM POLARIZATION ENERGY"               =>       0.000000000000
  "PE ENERGY"                             =>       0.000000000000
  "SCF ITERATION ENERGY"                  =>    -266.377445667129
  "SCF ITERATIONS"                        =>      25.000000000000
  "SCF TOTAL ENERGY"                      =>    -266.377445667129
  "TWO-ELECTRON ENERGY"                   =>     272.501407193792




  Array Variable Map:
  ----------------------------------------------------------------------------
  "CURRENT DIPOLE"                        =>      -1.996238510118 ... -0.003702308646 1 by 3
  "SCF DIPOLE"                            =>      -1.996238510118 ... -0.003702308646 1 by 3
  "SCF TOTAL ENERGIES"                    =>    -266.306640842878 ... -266.377445667129 1 by 26



Scratch directory: /cfs/klemming/scratch/s/spoel//propanoate/
gradient() will perform analytic gradient computation.
   => Libint2 <=

    Primary   basis highest AM E, G, H:  5, 4, 3
    Auxiliary basis highest AM E, G, H:  6, 5, 4
    Onebody   basis highest AM E, G, H:  6, 5, 4
    Solid Harmonics ordering:            Gaussian

*** tstart() called on nid001806
*** at Tue Oct  7 12:56:01 2025

   => Loading Basis Set <=

    Name: ANONYMOUS49E4A5B7
    Role: ORBITAL
    Keyword: BASIS
    atoms 1-2  entry O          line   331 file /cfs/klemming/projects/supr/alexandria/users/spoel/psi4/share/psi4/basis/aug-cc-pvtz.gbs 
    atoms 3-5  entry C          line   239 file /cfs/klemming/projects/supr/alexandria/users/spoel/psi4/share/psi4/basis/aug-cc-pvtz.gbs 
    atoms 6-10 entry H          line    40 file /cfs/klemming/projects/supr/alexandria/users/spoel/psi4/share/psi4/basis/aug-cc-pvtz.gbs 


         ---------------------------------------------------------
                                   SCF
               by Justin Turney, Rob Parrish, Andy Simmonett
                          and Daniel G. A. Smith
                              RHF Reference
                      128 Threads, 231933 MiB Core
         ---------------------------------------------------------

  ==> Geometry <==

    Molecular point group: c1
    Full point group: C1

    Geometry (in Angstrom), charge = -1, multiplicity = 1:

       Center              X                  Y                   Z               Mass       
    ------------   -----------------  -----------------  -----------------  -----------------
         O            1.650517399506    -0.622027017711    -0.023000072661    15.994914619570
         O            0.448799388200     1.297910240680     0.025070210544    15.994914619570
         C           -0.707180381223    -0.788539718126    -0.012695188402    12.000000000000
         C           -1.987763160424     0.020034231820     0.012158001168    12.000000000000
         C            0.590321473048     0.050325093523    -0.002406336562    12.000000000000
         H           -0.672490154300    -1.425856415065    -0.897144765862     1.007825032230
         H           -0.662211834123    -1.463088682695     0.843219172801     1.007825032230
         H           -2.020969445014     0.649270445885     0.898005856613     1.007825032230
         H           -2.031205554377     0.686630165048    -0.845471546673     1.007825032230
         H           -2.871429453726    -0.622461836855     0.003584726200     1.007825032230

  Running in c1 symmetry.

  Rotational constants: A =      0.34261  B =      0.13492  C =      0.10033 [cm^-1]
  Rotational constants: A =  10271.29168  B =   4044.94517  C =   3007.76331 [MHz]
  Nuclear repulsion =  168.928271463850677

  Charge       = -1
  Multiplicity = 1
  Electrons    = 40
  Nalpha       = 20
  Nbeta        = 20

  ==> Algorithm <==

  SCF Algorithm Type is PK.
  DIIS enabled.
  MOM disabled.
  Fractional occupation disabled.
  Guess Type is READ.
  Energy threshold   = 1.00e-10
  Density threshold  = 1.00e-10
  Integral threshold = 1.00e-12

  ==> Primary Basis <==

  Basis Set: ANONYMOUS49E4A5B7
    Blend: AUG-CC-PVTZ
    Number of shells: 115
    Number of basis functions: 345
    Number of Cartesian functions: 400
    Spherical Harmonics?: true
    Max angular momentum: 3

   => Loading Basis Set <=

    Name: ANONYMOUS49E4A5B7
    Role: ORBITAL
    Keyword: BASIS
    atoms 1-2  entry O          line   331 file /cfs/klemming/projects/supr/alexandria/users/spoel/psi4/share/psi4/basis/aug-cc-pvtz.gbs 
    atoms 3-5  entry C          line   239 file /cfs/klemming/projects/supr/alexandria/users/spoel/psi4/share/psi4/basis/aug-cc-pvtz.gbs 
    atoms 6-10 entry H          line    40 file /cfs/klemming/projects/supr/alexandria/users/spoel/psi4/share/psi4/basis/aug-cc-pvtz.gbs 

  Reading orbitals from file /cfs/klemming/scratch/s/spoel//propanoate/propanoate.default.2955684.180.npy, no projection.

  ==> Integral Setup <==

  Using in-core PK algorithm.
   Calculation information:
      Number of atoms:                  10
      Number of AO shells:             115
      Number of primitives:            205
      Number of atomic orbitals:       400
      Number of basis functions:       345

      Integral cutoff                 1.00e-12
      Number of threads:               128

  Performing in-core PK
  Using 3562358910 doubles for integral storage.
  We computed 64158116 shell quartets total.
  Whereas there are 22247785 unique shell quartets.
   188.38 percent of shell quartets recomputed by reordering.

  ==> DiskJK: Disk-Based J/K Matrices <==

    J tasked:                  Yes
    K tasked:                  Yes
    wK tasked:                  No
    Memory [MiB]:           173950
    Schwarz Cutoff:          1E-12

    OpenMP threads:            128

  Minimum eigenvalue in the overlap matrix is 1.9906304015E-05.
  Reciprocal condition number of the overlap matrix is 1.3069146596E-06.
    Using symmetric orthogonalization.

  ==> Pre-Iterations <==

  SCF Guess: Orbitals guess was supplied from a previous computation.

   -------------------------------------------------------
    Irrep   Nso     Nmo     Nalpha   Nbeta   Ndocc  Nsocc
   -------------------------------------------------------
     A        345     345      20      20      20       0
   -------------------------------------------------------
    Total     345     345      20      20      20       0
   -------------------------------------------------------

  ==> Iterations <==

                        Total Energy        Delta E     RMS |[F,P]|

   @RHF iter   0:  -266.37744566311358   -2.66377e+02   4.07339e-11 
   @RHF iter   1:  -266.37744566311244    1.13687e-12   2.50036e-11 DIIS
  Energy and wave function converged.


  ==> Post-Iterations <==

    Orbital Energies [Eh]
    ---------------------

    Doubly Occupied:                                                      

       1A    -20.288949     2A    -20.284745     3A    -11.128978  
       4A    -11.060643     5A    -11.050124     6A     -1.163396  
       7A     -1.062990     8A     -0.870526     9A     -0.703029  
      10A     -0.513796    11A     -0.457447    12A     -0.444592  
      13A     -0.405799    14A     -0.371912    15A     -0.359507  
      16A     -0.340024    17A     -0.308593    18A     -0.205136  
      19A     -0.192348    20A     -0.189620  

    Virtual:                                                              

      21A      0.117253    22A      0.135464    23A      0.137178  
      24A      0.145695    25A      0.158140    26A      0.194292  
      27A      0.204903    28A      0.220590    29A      0.222296  
      30A      0.233752    31A      0.245455    32A      0.248395  
      33A      0.249728    34A      0.270976    35A      0.272252  
      36A      0.302356    37A      0.320583    38A      0.345685  
      39A      0.351075    40A      0.355262    41A      0.358527  
      42A      0.364609    43A      0.388211    44A      0.407161  
      45A      0.417066    46A      0.419819    47A      0.422778  
      48A      0.425895    49A      0.447086    50A      0.453701  
      51A      0.467085    52A      0.469766    53A      0.474866  
      54A      0.491439    55A      0.495037    56A      0.497026  
      57A      0.513856    58A      0.518109    59A      0.529877  
      60A      0.534262    61A      0.555670    62A      0.563127  
      63A      0.573165    64A      0.579654    65A      0.594000  
      66A      0.597377    67A      0.598404    68A      0.625328  
      69A      0.631587    70A      0.640990    71A      0.649071  
      72A      0.656220    73A      0.656908    74A      0.670632  
      75A      0.670857    76A      0.680327    77A      0.726095  
      78A      0.736563    79A      0.736636    80A      0.745927  
      81A      0.790954    82A      0.791498    83A      0.841934  
      84A      0.855004    85A      0.881831    86A      0.883447  
      87A      0.912008    88A      0.921997    89A      0.928157  
      90A      0.949723    91A      0.958974    92A      0.963758  
      93A      0.980429    94A      0.989774    95A      0.995724  
      96A      1.012028    97A      1.025217    98A      1.028319  
      99A      1.033766   100A      1.050672   101A      1.053953  
     102A      1.081286   103A      1.089302   104A      1.094464  
     105A      1.095763   106A      1.119085   107A      1.129216  
     108A      1.130793   109A      1.135743   110A      1.159331  
     111A      1.182516   112A      1.190799   113A      1.191091  
     114A      1.197253   115A      1.214634   116A      1.236126  
     117A      1.241870   118A      1.258649   119A      1.260862  
     120A      1.270996   121A      1.286307   122A      1.293259  
     123A      1.302352   124A      1.314949   125A      1.325027  
     126A      1.340878   127A      1.361358   128A      1.367302  
     129A      1.367798   130A      1.380495   131A      1.408016  
     132A      1.427803   133A      1.436766   134A      1.462895  
     135A      1.496074   136A      1.508735   137A      1.536793  
     138A      1.546109   139A      1.554528   140A      1.563385  
     141A      1.604176   142A      1.604977   143A      1.611100  
     144A      1.630154   145A      1.632878   146A      1.691775  
     147A      1.697671   148A      1.718942   149A      1.731999  
     150A      1.763271   151A      1.774757   152A      1.794239  
     153A      1.814271   154A      1.819263   155A      1.842576  
     156A      1.846359   157A      1.852351   158A      1.858744  
     159A      1.893685   160A      1.912298   161A      1.915397  
     162A      1.916168   163A      1.921803   164A      1.968141  
     165A      1.970862   166A      1.995344   167A      2.007290  
     168A      2.014559   169A      2.038742   170A      2.062927  
     171A      2.092714   172A      2.100134   173A      2.110950  
     174A      2.137837   175A      2.161886   176A      2.178629  
     177A      2.251213   178A      2.256769   179A      2.287948  
     180A      2.295593   181A      2.331534   182A      2.344524  
     183A      2.372932   184A      2.387850   185A      2.422585  
     186A      2.429064   187A      2.431266   188A      2.463274  
     189A      2.483646   190A      2.541014   191A      2.546939  
     192A      2.590335   193A      2.608831   194A      2.617010  
     195A      2.617741   196A      2.679635   197A      2.718159  
     198A      2.749092   199A      2.758674   200A      2.787629  
     201A      2.826560   202A      2.839650   203A      2.857362  
     204A      2.873423   205A      2.889768   206A      2.927967  
     207A      2.979400   208A      3.012550   209A      3.049913  
     210A      3.052749   211A      3.119826   212A      3.162711  
     213A      3.226391   214A      3.252990   215A      3.270970  
     216A      3.286904   217A      3.311854   218A      3.383425  
     219A      3.407740   220A      3.493010   221A      3.524110  
     222A      3.526649   223A      3.554683   224A      3.626165  
     225A      3.649884   226A      3.679342   227A      3.702013  
     228A      3.710597   229A      3.719073   230A      3.749740  
     231A      3.811886   232A      3.822444   233A      3.856499  
     234A      3.866621   235A      3.883744   236A      3.903371  
     237A      3.919386   238A      3.935085   239A      3.961927  
     240A      3.992923   241A      4.005082   242A      4.019440  
     243A      4.046508   244A      4.056484   245A      4.114964  
     246A      4.150663   247A      4.159097   248A      4.182772  
     249A      4.190762   250A      4.212158   251A      4.257820  
     252A      4.298767   253A      4.323056   254A      4.339740  
     255A      4.341388   256A      4.376086   257A      4.376941  
     258A      4.407486   259A      4.415619   260A      4.451132  
     261A      4.453111   262A      4.506400   263A      4.579081  
     264A      4.615789   265A      4.640335   266A      4.668400  
     267A      4.707922   268A      4.720506   269A      4.771782  
     270A      4.787576   271A      4.842469   272A      4.870443  
     273A      4.912143   274A      4.942721   275A      4.988368  
     276A      5.001970   277A      5.016873   278A      5.037154  
     279A      5.058171   280A      5.105077   281A      5.178671  
     282A      5.198561   283A      5.212079   284A      5.261407  
     285A      5.284402   286A      5.293512   287A      5.301251  
     288A      5.357280   289A      5.389135   290A      5.482354  
     291A      5.484657   292A      5.513848   293A      5.532341  
     294A      5.567785   295A      5.609529   296A      5.641431  
     297A      5.680158   298A      5.761981   299A      5.779737  
     300A      5.811263   301A      5.878042   302A      5.935754  
     303A      6.026946   304A      6.088974   305A      6.168528  
     306A      6.199019   307A      6.263112   308A      6.312013  
     309A      6.346532   310A      6.395783   311A      6.470837  
     312A      6.569968   313A      6.653890   314A      6.867094  
     315A      6.918833   316A      6.932884   317A      6.933802  
     318A      6.962309   319A      7.026418   320A      7.049572  
     321A      7.152632   322A      7.170749   323A      7.197693  
     324A      7.283424   325A      7.314404   326A      7.400269  
     327A      7.451973   328A      7.534582   329A      7.596829  
     330A      7.608303   331A      7.631655   332A      7.748166  
     333A      7.814466   334A      7.889628   335A      7.939970  
     336A      7.940936   337A      8.076132   338A      8.122343  
     339A      8.178814   340A      8.272787   341A     14.592547  
     342A     15.508539   343A     17.239623   344A     18.444661  
     345A     19.411597  

    Final Occupation by Irrep:
              A 
    DOCC [    20 ]
    NA   [    20 ]
    NB   [    20 ]

  @RHF Final Energy:  -266.37744566311244

   => Energetics <=

    Nuclear Repulsion Energy =            168.9282714638506775
    One-Electron Energy =                -707.8071243268873332
    Two-Electron Energy =                 272.5014071999241878
    Total Energy =                       -266.3774456631124394

Computation Completed


Properties will be evaluated at   0.000000,   0.000000,   0.000000 [a0]

Properties computed using the SCF density matrix


 Multipole Moments:

 ------------------------------------------------------------------------------------
     Multipole            Electronic (a.u.)      Nuclear  (a.u.)        Total (a.u.)
 ------------------------------------------------------------------------------------

 L = 1.  Multiply by 2.5417464519 to convert [e a0] to [Debye]
 Dipole X            :          5.7355845           -7.7318230           -1.9962385
 Dipole Y            :          1.3126909           -2.0362232           -0.7235323
 Dipole Z            :         -0.0057685            0.0020662           -0.0037023
 Magnitude           :                                                    2.1233184

 ------------------------------------------------------------------------------------

*** tstop() called on nid001806 at Tue Oct  7 12:56:50 2025
Module time:
	user time   =    2288.63 seconds =      38.14 minutes
	system time =      23.42 seconds =       0.39 minutes
	total time  =         49 seconds =       0.82 minutes
Total time:
	user time   =  112579.16 seconds =    1876.32 minutes
	system time =   10427.42 seconds =     173.79 minutes
	total time  =       4370 seconds =      72.83 minutes
 MINTS: Wrapper to libmints.
   by Justin Turney

   Calculation information:
      Number of threads:               128
      Number of atoms:                  10
      Number of AO shells:             115
      Number of SO shells:             115
      Number of primitives:            205
      Number of atomic orbitals:       400
      Number of basis functions:       345

      Number of irreps:                  1
      Integral cutoff                 1.00e-12
      Number of functions per irrep: [ 345 ]

 OEINTS: Overlap, kinetic, potential, dipole, and quadrupole integrals
         stored in file 35.

      Computing two-electron integrals...done
      Computed 1689010685 non-zero two-electron integrals.
        Stored in file 33.


*** tstart() called on nid001806
*** at Tue Oct  7 12:59:35 2025


	Wfn Parameters:
	--------------------
	Wavefunction         = CCSD
	Number of irreps     = 1
	Number of MOs        = 345
	Number of active MOs = 345
	AO-Basis             = NONE
	Semicanonical        = false
	Reference            = RHF
	Print Level          = 1

	IRREP	# MOs	# FZDC	# DOCC	# SOCC	# VIRT	# FZVR
	-----	-----	------	------	------	------	------
	 A	   345	    0	    20	    0	    325	    0
	Transforming integrals...
	IWL integrals will be deleted.
	(OO|OO)...
	Presorting SO-basis two-electron integrals.
	Sorting File: SO Ints (nn|nn) nbuckets = 1
	Constructing frozen core operators
	Starting first half-transformation.
	Sorting half-transformed integrals.
	First half integral transformation complete.
	Starting second half-transformation.
	Two-electron integral transformation complete.
	(OO|OV)...
	Starting second half-transformation.
	Two-electron integral transformation complete.
	(OO|VV)...
	Starting second half-transformation.
	Two-electron integral transformation complete.
	(OV|OO)...
	Starting first half-transformation.
	Sorting half-transformed integrals.
	First half integral transformation complete.
	Starting second half-transformation.
	Two-electron integral transformation complete.
	(OV|OV)...
	Starting second half-transformation.
	Two-electron integral transformation complete.
	(OV|VV)...
	Starting second half-transformation.
	Two-electron integral transformation complete.
	(VV|OO)...
	Starting first half-transformation.
	Sorting half-transformed integrals.
	First half integral transformation complete.
	Starting second half-transformation.
	Two-electron integral transformation complete.
	(VV|OV)...
	Starting second half-transformation.
	Two-electron integral transformation complete.
	(VV|VV)...
	Starting second half-transformation.
	Two-electron integral transformation complete.
	Frozen core energy     =      0.00000000000000

	Size of irrep 0 of <ab|cd> integrals:  11156.641 (MW) /  89253.125 (MB)
	Total:                                 11156.641 (MW) /  89253.125 (MB)

	Size of irrep 0 of <ia|bc> integrals:    686.562 (MW) /   5492.500 (MB)
	Total:                                   686.562 (MW) /   5492.500 (MB)

	Size of irrep 0 of tijab amplitudes:      42.250 (MW) /    338.000 (MB)
	Total:                                    42.250 (MW) /    338.000 (MB)

	Nuclear Rep. energy          =    168.92827146385068
	SCF energy                   =   -266.37744566311244
	One-electron energy          =   -707.80712433354040
	Two-electron energy          =    272.50140720657788
	Reference energy             =   -266.37744566311187

*** tstop() called on nid001806 at Tue Oct  7 13:24:29 2025
Module time:
	user time   =   38657.76 seconds =     644.30 minutes
	system time =    3855.38 seconds =      64.26 minutes
	total time  =       1494 seconds =      24.90 minutes
Total time:
	user time   =  151382.86 seconds =    2523.05 minutes
	system time =   14370.52 seconds =     239.51 minutes
	total time  =       6029 seconds =     100.48 minutes
            **************************
            *                        *
            *        CCENERGY        *
            *                        *
            **************************

    Nuclear Rep. energy (wfn)     =  168.928271463850677
    SCF energy          (wfn)     = -266.377445663112439
    Reference energy    (file100) = -266.377445663111871

    Input parameters:
    -----------------
    Wave function   =     CCSD
    Reference wfn   =     RHF
    Brueckner       =     No
    Memory (Mbytes) =     243200.0
    Maxiter         =     50
    R_Convergence   =     1.0e-07
    E_Convergence   =     1.0e-08
    Restart         =     Yes
    DIIS            =     Yes
    AO Basis        =     NONE
    ABCD            =     NEW
    Cache Level     =     1
    Cache Type      =     LOW
    Print Level     =     1
    Num. of threads =     128
    # Amps to Print =     10
    Print MP2 Amps? =     No
    Analyze T2 Amps =     No
    Print Pair Ener =     No
    Local CC        =     No
    SCS-MP2         =     False
    SCSN-MP2        =     False
    SCS-CCSD        =     False

    Using old T1 amplitudes.
    Using old T2 amplitudes.

MP2 correlation energy -1.0945457227683866
                Solving CC Amplitude Equations
                ------------------------------
  Iter             Energy              RMS        T1Diag      D1Diag    New D1Diag    D2Diag
  ----     ---------------------    ---------   ----------  ----------  ----------   --------
     0        -1.112182390905517    0.000e+00    0.014135    0.059218    0.059218    0.159144
     1        -1.112182391101117    1.203e-07    0.014135    0.059218    0.059218    0.159144
     2        -1.112182391546506    7.445e-08    0.014135    0.059218    0.059218    0.159144

    Iterations converged.


    Largest TIA Amplitudes:
             14  28        -0.0216949738
             14  31        -0.0213473072
             16  31        -0.0190090394
             14  20        -0.0187513865
             16  28        -0.0182201958
             18   5         0.0157556588
             16  20        -0.0151999226
             18  65        -0.0114964472
             17   9         0.0114066740
             14  27        -0.0110750661

    Largest TIjAb Amplitudes:
     19  19  28  28        -0.0260812057
     19  19  28  31        -0.0231941532
     19  19  31  28        -0.0231941532
     19  19  31  31        -0.0213305200
     19  19  20  28        -0.0148166361
     19  19  28  20        -0.0148166361
     19  19  20  31        -0.0135848814
     19  19  31  20        -0.0135848814
     17  17  65  65        -0.0124308766
     15  15  54  54        -0.0123765349

    SCF energy       (wfn)                    = -266.377445663112439
    Reference energy (file100)                = -266.377445663111871

    Opposite-spin MP2 correlation energy      =   -0.829119162219074
    Same-spin MP2 correlation energy          =   -0.265426560549312
    Singles MP2 correlation energy            =   -0.000000000000000
    MP2 correlation energy                    =   -1.094545722768387
      * MP2 total energy                      = -267.471991385880244

    Opposite-spin CCSD correlation energy     =   -0.874144449803272
    Same-spin CCSD correlation energy         =   -0.238037941743216
    Singles CCSD correlation energy           =    0.000000000000000
    CCSD correlation energy                   =   -1.112182391546506
      * CCSD total energy                     = -267.489628054658397


			**************************
			*                        *
			*         CCHBAR         *
			*                        *
			**************************


			**************************
			*        CCLAMBDA        *
			**************************


	Nuclear Rep. energy (wfn)     =  168.928271463850677
	Reference           (wfn)     =                    0
	SCF energy          (wfn)     = -266.377445663112439
	Reference energy    (CC_INFO) = -266.377445663111871
	CCSD energy         (CC_INFO) =   -1.112182391546506
	Total CCSD energy   (CC_INFO) = -267.489628054658397

	Input parameters:
	-----------------
	Maxiter           =     50
	Convergence       = 1.0e-07
	Restart           =     No
	Cache Level       =     1
	Model III         =     No
	DIIS              =     Yes
	AO Basis          =     No
	ABCD              =     NEW
	Local CC          =     No
	Parameters for left-handed eigenvectors:
	    Irr   Root  Ground-State?    EOM energy        R0
	  1   0     0        Yes       0.0000000000   1.0000000000
	Labels for eigenvector 1:
	LIA 0 -1, Lia 0 -1, LIJAB 0 -1, Lijab 0 -1, LIjAb 0 -1, 2LIjAb - LIjbA 0 -1
	Symmetry of left-hand state: A
	Symmetry of left-hand eigenvector: A

	          Solving Lambda Equations
	          ------------------------
	Iter     PseudoEnergy or Norm         RMS  
	----     ---------------------     --------
	   0        -1.112764961632378    0.000e+00
	   1        -1.083928877231747    4.213e-02
	   2        -1.080199606801382    8.347e-03
	   3        -1.079524721620592    6.102e-03
	   4        -1.079173738451773    2.066e-03
	   5        -1.079271488235961    8.396e-04
	   6        -1.079305328165299    2.979e-04
	   7        -1.079292660035960    1.603e-04
	   8        -1.079292099822476    6.916e-05
	   9        -1.079294735378660    3.151e-05
	  10        -1.079293686182788    1.715e-05
	  11        -1.079293945848351    6.685e-06
	  12        -1.079294105737731    3.163e-06
	  13        -1.079294002300339    1.448e-06
	  14        -1.079294000953571    6.983e-07
	  15        -1.079294010819246    3.562e-07
	  16        -1.079294004297584    1.753e-07
	  17        -1.079294007344143    8.517e-08

	Largest LIA Amplitudes:
	         14  31        -0.0126578049
	         14  28        -0.0126009520
	         14  20        -0.0116389576
	         18   5         0.0110376253
	         16  31        -0.0104523588
	         16  28        -0.0094300386
	         16  20        -0.0090624931
	         18  65        -0.0087365364
	         14  27        -0.0074030252
	         17   9         0.0073890103

	Largest LIjAb Amplitudes:
	 19  19  28  28        -0.0238093359
	 19  19  28  31        -0.0211380806
	 19  19  31  28        -0.0211380806
	 19  19  31  31        -0.0194352348
	 19  19  20  28        -0.0134006620
	 19  19  28  20        -0.0134006620
	 19  19  20  31        -0.0122777978
	 19  19  31  20        -0.0122777978
	 17  17  65  65        -0.0119045377
	 15  15  54  54        -0.0118693795

	Iterations converged.

	Overlap <L|e^T> =        0.69545723727

			**************************
			*                        *
			*        CCDENSITY       *
			*                        *
			**************************


	Input parameters:
	-----------------
	Wave function    =   CCSD
	Reference wfn    =   RHF
	Dertype          = 1
	Tolerance        = 1.0e-14
	Cache Level      = 1
	AO Basis         = No
	OPDM Only        = No
	Relax OPDM       = Yes
	Compute Xi       = No
	Use Zeta         = No
	Xi connected     = Yes
	Compute NO       = No

	Nuclear Rep. energy (wfn)     =  168.928271463850677
	SCF energy          (wfn)     = -266.377445663112439
	Reference energy    (file100) = -266.377445663111871
	CCSD energy         (CC_INFO) =   -1.112182391546506
	Total CCSD energy   (CC_INFO) = -267.489628054658397
	Number of States = 1

	Ground?  State     EOM Energy       R0
	  Yes     0  A    0.0000000000   1.00000000

	Virial Theorem Data:
	--------------------
	Kinetic energy (ref)   =  266.065329922994977
	Kinetic energy (corr)  =    1.010905193575846
	Kinetic energy (total) =  267.076235116570842
	-V/T (ref)             =    2.001173079334339
	-V/T (corr)            =    2.100184664807601
	-V/T (total)           =    2.001547846209181
    Molecular point group: c1
    Full point group: C1

    Geometry (in Bohr), charge = -1, multiplicity = 1:

       Center              X                  Y                   Z       
    ------------   -----------------  -----------------  -----------------
         O            3.119025850369    -1.175460706109    -0.043463838194
         O            0.848107928971     2.452694890312     0.047375831836
         C           -1.336377241808    -1.490124106304    -0.023990429190
         C           -3.756327975476     0.037859211273     0.022975292441
         C            1.115545910038     0.095100643996    -0.004547317067
         H           -1.270822213694    -2.694478118700    -1.695357902367
         H           -1.251399003529    -2.764836907551     1.593453300330
         H           -3.819078758995     1.226943324076     1.696985128056
         H           -3.838422202281     1.297542961418    -1.597709670079
         H           -5.426215256115    -1.176282395206     0.006774150753

	Presorting MO-basis TPDM.
	Sorting File: MO TPDM (AA|AA) nbuckets = 1
	Starting first half-transformation.
	Sorting half-transformed TPDM.
	First half integral transformation complete.


  -Total gradient:
     Atom            X                  Y                   Z
    ------   -----------------  -----------------  -----------------
       1        0.008701183211    -0.006058629861    -0.000180559445
       2       -0.001961989717     0.010865744265     0.000243595076
       3       -0.002258351339    -0.000664439318    -0.000001627882
       4        0.000021418022    -0.000458239177    -0.000010179212
       5       -0.005926278229    -0.004141050792    -0.000053353614
       6        0.000038010732     0.000382344184     0.000488571511
       7        0.000033178064     0.000402860529    -0.000471691341
       8        0.000290320735    -0.000512535939    -0.000726021916
       9        0.000299384022    -0.000542899173     0.000700006877
      10        0.000763124495     0.000726845275     0.000011259937



Properties will be evaluated at   0.000000,   0.000000,   0.000000 [a0]
OEProp: No title given, name of density matrix used for the following properties is 'SCF density'
  ==> Computing MBIS Charges <==

  Electron Count from Grid (Expected Number): 40.00002 (40.00000)
  Difference:  0.00002

  MBIS Charges: (a.u.)
   Center  Symbol  Z      Pop.       Charge
      1       O    8    8.857865   -0.857865
      2       O    8    8.820542   -0.820542
      3       C    6    6.396634   -0.396634
      4       C    6    6.358158   -0.358158
      5       C    6    5.081143    0.918857
      6       H    1    0.893391    0.106609
      7       H    1    0.893391    0.106609
      8       H    1    0.883646    0.116354
      9       H    1    0.883640    0.116360
     10       H    1    0.931607    0.068393

  MBIS Dipoles: [e a0]
   Center  Symbol  Z        X           Y           Z
      1       O    8    0.056081   -0.023542   -0.000833
      2       O    8   -0.032600    0.047747    0.001213
      3       C    6   -0.094009    0.054708    0.001725
      4       C    6    0.110102   -0.058726   -0.001904
      5       C    6    0.055062    0.043816    0.000613
      6       H    1    0.005237   -0.012945   -0.039574
      7       H    1    0.005702   -0.014624    0.038919
      8       H    1    0.022581    0.025386    0.038675
      9       H    1    0.022134    0.027026   -0.037816
     10       H    1   -0.024945   -0.039625   -0.000703

  MBIS Quadrupoles: [e a0^2]
   Center  Symbol  Z      XX        XY        XZ        YY        YZ        ZZ
      1       O    8   -5.1457   -0.0594   -0.0007   -5.1408   -0.0017   -5.0459
      2       O    8   -5.0158   -0.0558   -0.0008   -5.0154   -0.0011   -4.9487
      3       C    6   -5.2301   -0.0229    0.0006   -5.2509   -0.0043   -5.0416
      4       C    6   -5.1904    0.0703    0.0021   -5.1589   -0.0018   -5.0918
      5       C    6   -3.1817   -0.0341    0.0005   -3.1994   -0.0046   -2.9726
      6       H    1   -0.5243   -0.0061    0.0010   -0.5503   -0.0128   -0.5450
      7       H    1   -0.5243   -0.0059   -0.0015   -0.5513    0.0126   -0.5439
      8       H    1   -0.5203   -0.0039    0.0066   -0.5292   -0.0084   -0.5335
      9       H    1   -0.5204   -0.0036   -0.0069   -0.5300    0.0086   -0.5326
     10       H    1   -0.5971   -0.0130   -0.0002   -0.5834    0.0001   -0.5857

  MBIS Octupoles: [e a0^3]
   Center  Symbol  Z      XXX       XXY       XXZ       XYY       XYZ       XZZ       YYY       YYZ       YZZ       ZZZ
      1       O    8   -0.4359   -0.3106   -0.0074   -0.2209    0.0039   -0.2841    0.3775    0.0044    0.1168    0.0125
      2       O    8   -0.4948   -0.4225   -0.0075   -0.1496   -0.0000   -0.1163   -0.1609    0.0105   -0.3055   -0.0175
      3       C    6   -0.2888   -0.1849   -0.0043   -0.1421    0.0045   -0.1752    0.7074   -0.0037    0.4604    0.0327
      4       C    6    0.4412    0.2167    0.0062    0.0445   -0.0103    0.3541   -0.4326    0.0076   -0.3986   -0.0319
      5       C    6   -0.2050    0.0773    0.0010   -0.0490    0.0015   -0.1550   -0.1090   -0.0001   -0.0452   -0.0002
      6       H    1   -0.0130    0.0115   -0.0019   -0.0037   -0.0007   -0.0009    0.0617   -0.0092    0.0274   -0.0107
      7       H    1   -0.0130    0.0115    0.0026   -0.0036    0.0007   -0.0007    0.0605    0.0095    0.0276    0.0142
      8       H    1    0.0560   -0.0017   -0.0018    0.0134   -0.0033    0.0232   -0.0222    0.0056   -0.0134    0.0084
      9       H    1    0.0561   -0.0017    0.0016    0.0131    0.0028    0.0233   -0.0215   -0.0055   -0.0136   -0.0110
     10       H    1    0.0460   -0.0021   -0.0000    0.0135   -0.0004    0.0238   -0.0356    0.0003   -0.0274   -0.0022

  MBIS Radial Moments:
   Center  Symbol  Z      [a0^2]      [a0^3]      [a0^4]      
      1       O    8   15.332433   33.193766   90.128984
      2       O    8   14.979953   31.884625   84.643526
      3       C    6   15.522595   40.285549   129.812599
      4       C    6   15.441128   40.088371   128.557525
      5       C    6    9.353628   22.293869   66.675639
      6       H    1    1.619535    3.166661    7.537656
      7       H    1    1.619538    3.166672    7.537696
      8       H    1    1.583005    3.069045    7.222163
      9       H    1    1.582990    3.069011    7.222076
     10       H    1    1.766221    3.526466    8.536486

  MBIS Valence Widths: [a0]
   Center  Symbol  Z     Width
      1       O    8    0.418994
      2       O    8    0.415836
      3       C    6    0.523614
      4       C    6    0.524494
      5       C    6    0.477578
      6       H    1    0.389588
      7       H    1    0.389588
      8       H    1    0.387536
      9       H    1    0.387535
     10       H    1    0.398244


  MBIS Valence Charges: (a.u.)
   Center  Symbol  Z     Charge
      1       O    8   -7.185217
      2       O    8   -7.155400
      3       C    6   -4.740655
      4       C    6   -4.696074
      5       C    6   -3.393646
      6       H    1   -0.893391
      7       H    1   -0.893391
      8       H    1   -0.883646
      9       H    1   -0.883640
     10       H    1   -0.931607


  Variable Map:
  ----------------------------------------------------------------------------
  "CC D1 DIAGNOSTIC"                      =>       0.059217979671
  "CC D2 DIAGNOSTIC"                      =>       0.159144091145
  "CC NEW D1 DIAGNOSTIC"                  =>       0.059217979671
  "CC T1 DIAGNOSTIC"                      =>       0.014135274251
  "CCSD CORRELATION ENERGY"               =>      -1.112182391547
  "CCSD DOUBLES ENERGY"                   =>      -1.112182391546
  "CCSD ITERATIONS"                       =>       2.000000000000
  "CCSD OPPOSITE-SPIN CORRELATION ENERGY" =>      -0.874144449803
  "CCSD SAME-SPIN CORRELATION ENERGY"     =>      -0.238037941743
  "CCSD SINGLES ENERGY"                   =>       0.000000000000
  "CCSD TOTAL ENERGY"                     =>    -267.489628054658
  "CURRENT CORRELATION ENERGY"            =>      -1.112182391547
  "CURRENT ENERGY"                        =>    -267.489628054658
  "CURRENT REFERENCE ENERGY"              =>    -266.377445663112
  "DD SOLVATION ENERGY"                   =>       0.000000000000
  "HF KINETIC ENERGY"                     =>     266.065329922995
  "HF POTENTIAL ENERGY"                   =>    -532.442775586107
  "HF TOTAL ENERGY"                       =>    -266.377445663112
  "HF VIRIAL RATIO"                       =>       2.001173079334
  "LCCSD (+LMP2) TOTAL ENERGY"            =>    -267.489628054658
  "MP2 CORRELATION ENERGY"                =>      -1.094545722768
  "MP2 DOUBLES ENERGY"                    =>      -1.094545722768
  "MP2 OPPOSITE-SPIN CORRELATION ENERGY"  =>      -0.829119162219
  "MP2 SAME-SPIN CORRELATION ENERGY"      =>      -0.265426560549
  "MP2 SINGLES ENERGY"                    =>      -0.000000000000
  "MP2 TOTAL ENERGY"                      =>    -267.471991385880
  "NUCLEAR REPULSION ENERGY"              =>     168.928271463851
  "ONE-ELECTRON ENERGY"                   =>    -707.807124326887
  "PCM POLARIZATION ENERGY"               =>       0.000000000000
  "PE ENERGY"                             =>       0.000000000000
  "SCF ITERATION ENERGY"                  =>    -266.377445663112
  "SCF ITERATIONS"                        =>       1.000000000000
  "SCF TOTAL ENERGY"                      =>    -266.377445663112
  "TWO-ELECTRON ENERGY"                   =>     272.501407199924




  Array Variable Map:
  ----------------------------------------------------------------------------
  "CCSD TOTAL GRADIENT"                   =>       0.008701183211 ... 0.000011259937 10 by 3
  "CURRENT DIPOLE"                        =>      -1.996238510945 ... -0.003702308646 1 by 3
  "CURRENT GRADIENT"                      =>       0.008701183211 ... 0.000011259937 10 by 3
  "SCF DIPOLE"                            =>      -1.996238510945 ... -0.003702308646 1 by 3
  "SCF TOTAL ENERGIES"                    =>    -266.377445663114 ... -266.377445663112 1 by 2


